<?xml version="1.0" encoding="UTF-8"?>
<<<<<<< HEAD
<testsuite xmlns:xsi="http://www.w3.org/2001/XMLSchema-instance" xsi:noNamespaceSchemaLocation="https://maven.apache.org/surefire/maven-surefire-plugin/xsd/surefire-test-report-3.0.xsd" version="3.0" name="edu.eci.cvds.TaskManager.model.TaskTest" time="13.375" tests="5" errors="0" skipped="0" failures="0">
=======
<testsuite xmlns:xsi="http://www.w3.org/2001/XMLSchema-instance" xsi:noNamespaceSchemaLocation="https://maven.apache.org/surefire/maven-surefire-plugin/xsd/surefire-test-report-3.0.xsd" version="3.0" name="edu.eci.cvds.TaskManager.model.TaskTest" time="3.871" tests="5" errors="0" skipped="0" failures="0">
>>>>>>> ea559ce19afa9d4ea93fb84ee9fd84dde69909ac
  <properties>
    <property name="java.specification.version" value="22"/>
    <property name="sun.cpu.isalist" value="amd64"/>
    <property name="sun.jnu.encoding" value="Cp1252"/>
    <property name="java.class.path" value="C:\Users\natal\OneDrive\Desktop\Universidad\CVDS\SegundoCorte\Lab05\NuevoBack\Back-Barrera\target\test-classes;C:\Users\natal\OneDrive\Desktop\Universidad\CVDS\SegundoCorte\Lab05\NuevoBack\Back-Barrera\target\classes;C:\Users\natal\.m2\repository\org\springframework\boot\spring-boot-starter-data-mongodb\3.3.4\spring-boot-starter-data-mongodb-3.3.4.jar;C:\Users\natal\.m2\repository\org\springframework\boot\spring-boot-starter\3.3.4\spring-boot-starter-3.3.4.jar;C:\Users\natal\.m2\repository\org\springframework\boot\spring-boot\3.3.4\spring-boot-3.3.4.jar;C:\Users\natal\.m2\repository\org\springframework\boot\spring-boot-autoconfigure\3.3.4\spring-boot-autoconfigure-3.3.4.jar;C:\Users\natal\.m2\repository\org\springframework\boot\spring-boot-starter-logging\3.3.4\spring-boot-starter-logging-3.3.4.jar;C:\Users\natal\.m2\repository\ch\qos\logback\logback-classic\1.5.8\logback-classic-1.5.8.jar;C:\Users\natal\.m2\repository\ch\qos\logback\logback-core\1.5.8\logback-core-1.5.8.jar;C:\Users\natal\.m2\repository\org\apache\logging\log4j\log4j-to-slf4j\2.23.1\log4j-to-slf4j-2.23.1.jar;C:\Users\natal\.m2\repository\org\apache\logging\log4j\log4j-api\2.23.1\log4j-api-2.23.1.jar;C:\Users\natal\.m2\repository\org\slf4j\jul-to-slf4j\2.0.16\jul-to-slf4j-2.0.16.jar;C:\Users\natal\.m2\repository\jakarta\annotation\jakarta.annotation-api\2.1.1\jakarta.annotation-api-2.1.1.jar;C:\Users\natal\.m2\repository\org\yaml\snakeyaml\2.2\snakeyaml-2.2.jar;C:\Users\natal\.m2\repository\org\mongodb\mongodb-driver-sync\5.0.1\mongodb-driver-sync-5.0.1.jar;C:\Users\natal\.m2\repository\org\mongodb\bson\5.0.1\bson-5.0.1.jar;C:\Users\natal\.m2\repository\org\mongodb\mongodb-driver-core\5.0.1\mongodb-driver-core-5.0.1.jar;C:\Users\natal\.m2\repository\org\mongodb\bson-record-codec\5.0.1\bson-record-codec-5.0.1.jar;C:\Users\natal\.m2\repository\org\springframework\data\spring-data-mongodb\4.3.4\spring-data-mongodb-4.3.4.jar;C:\Users\natal\.m2\repository\org\springframework\spring-tx\6.1.13\spring-tx-6.1.13.jar;C:\Users\natal\.m2\repository\org\springframework\spring-beans\6.1.13\spring-beans-6.1.13.jar;C:\Users\natal\.m2\repository\org\springframework\spring-expression\6.1.13\spring-expression-6.1.13.jar;C:\Users\natal\.m2\repository\org\springframework\data\spring-data-commons\3.3.4\spring-data-commons-3.3.4.jar;C:\Users\natal\.m2\repository\org\slf4j\slf4j-api\2.0.16\slf4j-api-2.0.16.jar;C:\Users\natal\.m2\repository\org\springframework\boot\spring-boot-starter-web\3.3.4\spring-boot-starter-web-3.3.4.jar;C:\Users\natal\.m2\repository\org\springframework\boot\spring-boot-starter-json\3.3.4\spring-boot-starter-json-3.3.4.jar;C:\Users\natal\.m2\repository\com\fasterxml\jackson\core\jackson-databind\2.17.2\jackson-databind-2.17.2.jar;C:\Users\natal\.m2\repository\com\fasterxml\jackson\core\jackson-annotations\2.17.2\jackson-annotations-2.17.2.jar;C:\Users\natal\.m2\repository\com\fasterxml\jackson\core\jackson-core\2.17.2\jackson-core-2.17.2.jar;C:\Users\natal\.m2\repository\com\fasterxml\jackson\datatype\jackson-datatype-jdk8\2.17.2\jackson-datatype-jdk8-2.17.2.jar;C:\Users\natal\.m2\repository\com\fasterxml\jackson\datatype\jackson-datatype-jsr310\2.17.2\jackson-datatype-jsr310-2.17.2.jar;C:\Users\natal\.m2\repository\com\fasterxml\jackson\module\jackson-module-parameter-names\2.17.2\jackson-module-parameter-names-2.17.2.jar;C:\Users\natal\.m2\repository\org\springframework\boot\spring-boot-starter-tomcat\3.3.4\spring-boot-starter-tomcat-3.3.4.jar;C:\Users\natal\.m2\repository\org\apache\tomcat\embed\tomcat-embed-core\10.1.30\tomcat-embed-core-10.1.30.jar;C:\Users\natal\.m2\repository\org\apache\tomcat\embed\tomcat-embed-el\10.1.30\tomcat-embed-el-10.1.30.jar;C:\Users\natal\.m2\repository\org\apache\tomcat\embed\tomcat-embed-websocket\10.1.30\tomcat-embed-websocket-10.1.30.jar;C:\Users\natal\.m2\repository\org\springframework\spring-web\6.1.13\spring-web-6.1.13.jar;C:\Users\natal\.m2\repository\io\micrometer\micrometer-observation\1.13.4\micrometer-observation-1.13.4.jar;C:\Users\natal\.m2\repository\io\micrometer\micrometer-commons\1.13.4\micrometer-commons-1.13.4.jar;C:\Users\natal\.m2\repository\org\springframework\spring-webmvc\6.1.13\spring-webmvc-6.1.13.jar;C:\Users\natal\.m2\repository\org\springframework\spring-aop\6.1.13\spring-aop-6.1.13.jar;C:\Users\natal\.m2\repository\org\springframework\boot\spring-boot-starter-test\3.3.4\spring-boot-starter-test-3.3.4.jar;C:\Users\natal\.m2\repository\org\springframework\boot\spring-boot-test\3.3.4\spring-boot-test-3.3.4.jar;C:\Users\natal\.m2\repository\org\springframework\boot\spring-boot-test-autoconfigure\3.3.4\spring-boot-test-autoconfigure-3.3.4.jar;C:\Users\natal\.m2\repository\com\jayway\jsonpath\json-path\2.9.0\json-path-2.9.0.jar;C:\Users\natal\.m2\repository\jakarta\xml\bind\jakarta.xml.bind-api\4.0.2\jakarta.xml.bind-api-4.0.2.jar;C:\Users\natal\.m2\repository\jakarta\activation\jakarta.activation-api\2.1.3\jakarta.activation-api-2.1.3.jar;C:\Users\natal\.m2\repository\net\minidev\json-smart\2.5.1\json-smart-2.5.1.jar;C:\Users\natal\.m2\repository\net\minidev\accessors-smart\2.5.1\accessors-smart-2.5.1.jar;C:\Users\natal\.m2\repository\org\ow2\asm\asm\9.6\asm-9.6.jar;C:\Users\natal\.m2\repository\org\assertj\assertj-core\3.25.3\assertj-core-3.25.3.jar;C:\Users\natal\.m2\repository\net\bytebuddy\byte-buddy\1.14.19\byte-buddy-1.14.19.jar;C:\Users\natal\.m2\repository\org\awaitility\awaitility\4.2.2\awaitility-4.2.2.jar;C:\Users\natal\.m2\repository\org\hamcrest\hamcrest\2.2\hamcrest-2.2.jar;C:\Users\natal\.m2\repository\org\junit\jupiter\junit-jupiter\5.10.3\junit-jupiter-5.10.3.jar;C:\Users\natal\.m2\repository\org\junit\jupiter\junit-jupiter-api\5.10.3\junit-jupiter-api-5.10.3.jar;C:\Users\natal\.m2\repository\org\opentest4j\opentest4j\1.3.0\opentest4j-1.3.0.jar;C:\Users\natal\.m2\repository\org\junit\platform\junit-platform-commons\1.10.3\junit-platform-commons-1.10.3.jar;C:\Users\natal\.m2\repository\org\apiguardian\apiguardian-api\1.1.2\apiguardian-api-1.1.2.jar;C:\Users\natal\.m2\repository\org\junit\jupiter\junit-jupiter-params\5.10.3\junit-jupiter-params-5.10.3.jar;C:\Users\natal\.m2\repository\org\junit\jupiter\junit-jupiter-engine\5.10.3\junit-jupiter-engine-5.10.3.jar;C:\Users\natal\.m2\repository\org\junit\platform\junit-platform-engine\1.10.3\junit-platform-engine-1.10.3.jar;C:\Users\natal\.m2\repository\org\mockito\mockito-core\5.11.0\mockito-core-5.11.0.jar;C:\Users\natal\.m2\repository\net\bytebuddy\byte-buddy-agent\1.14.19\byte-buddy-agent-1.14.19.jar;C:\Users\natal\.m2\repository\org\objenesis\objenesis\3.3\objenesis-3.3.jar;C:\Users\natal\.m2\repository\org\mockito\mockito-junit-jupiter\5.11.0\mockito-junit-jupiter-5.11.0.jar;C:\Users\natal\.m2\repository\org\skyscreamer\jsonassert\1.5.3\jsonassert-1.5.3.jar;C:\Users\natal\.m2\repository\com\vaadin\external\google\android-json\0.0.20131108.vaadin1\android-json-0.0.20131108.vaadin1.jar;C:\Users\natal\.m2\repository\org\springframework\spring-core\6.1.13\spring-core-6.1.13.jar;C:\Users\natal\.m2\repository\org\springframework\spring-jcl\6.1.13\spring-jcl-6.1.13.jar;C:\Users\natal\.m2\repository\org\springframework\spring-test\6.1.13\spring-test-6.1.13.jar;C:\Users\natal\.m2\repository\org\xmlunit\xmlunit-core\2.9.1\xmlunit-core-2.9.1.jar;C:\Users\natal\.m2\repository\org\springframework\boot\spring-boot-maven-plugin\3.3.4\spring-boot-maven-plugin-3.3.4.jar;C:\Users\natal\.m2\repository\org\springframework\boot\spring-boot-buildpack-platform\3.3.4\spring-boot-buildpack-platform-3.3.4.jar;C:\Users\natal\.m2\repository\net\java\dev\jna\jna-platform\5.13.0\jna-platform-5.13.0.jar;C:\Users\natal\.m2\repository\net\java\dev\jna\jna\5.13.0\jna-5.13.0.jar;C:\Users\natal\.m2\repository\org\apache\commons\commons-compress\1.25.0\commons-compress-1.25.0.jar;C:\Users\natal\.m2\repository\org\apache\httpcomponents\client5\httpclient5\5.3.1\httpclient5-5.3.1.jar;C:\Users\natal\.m2\repository\org\apache\httpcomponents\core5\httpcore5\5.2.5\httpcore5-5.2.5.jar;C:\Users\natal\.m2\repository\org\apache\httpcomponents\core5\httpcore5-h2\5.2.5\httpcore5-h2-5.2.5.jar;C:\Users\natal\.m2\repository\org\tomlj\tomlj\1.0.0\tomlj-1.0.0.jar;C:\Users\natal\.m2\repository\org\antlr\antlr4-runtime\4.7.2\antlr4-runtime-4.7.2.jar;C:\Users\natal\.m2\repository\com\google\code\findbugs\jsr305\3.0.2\jsr305-3.0.2.jar;C:\Users\natal\.m2\repository\org\springframework\boot\spring-boot-loader-tools\3.3.4\spring-boot-loader-tools-3.3.4.jar;C:\Users\natal\.m2\repository\org\apache\maven\shared\maven-common-artifact-filters\3.3.2\maven-common-artifact-filters-3.3.2.jar;C:\Users\natal\.m2\repository\org\sonatype\plexus\plexus-build-api\0.0.7\plexus-build-api-0.0.7.jar;C:\Users\natal\.m2\repository\org\springframework\spring-context\6.1.13\spring-context-6.1.13.jar;"/>
    <property name="java.vm.vendor" value="Oracle Corporation"/>
    <property name="sun.arch.data.model" value="64"/>
    <property name="user.variant" value=""/>
    <property name="java.vendor.url" value="https://java.oracle.com/"/>
    <property name="user.timezone" value="America/Bogota"/>
    <property name="os.name" value="Windows 11"/>
    <property name="java.vm.specification.version" value="22"/>
    <property name="sun.java.launcher" value="SUN_STANDARD"/>
    <property name="user.country" value="CO"/>
    <property name="sun.boot.library.path" value="C:\Program Files\Java\jdk-22\bin"/>
<<<<<<< HEAD
    <property name="sun.java.command" value="C:\Users\Andres Rodriguez\AppData\Local\Temp\surefire16797369359574760442\surefirebooter-20241002170412903_3.jar C:\Users\Andres Rodriguez\AppData\Local\Temp\surefire16797369359574760442 2024-10-02T17-04-12_521-jvmRun1 surefire-20241002170412903_1tmp surefire_0-20241002170412903_2tmp"/>
=======
    <property name="sun.java.command" value="C:\Users\natal\AppData\Local\Temp\surefire8288202730591783741\surefirebooter-20241002202332310_3.jar C:\Users\natal\AppData\Local\Temp\surefire8288202730591783741 2024-10-02T20-23-32_157-jvmRun1 surefire-20241002202332310_1tmp surefire_0-20241002202332310_2tmp"/>
>>>>>>> ea559ce19afa9d4ea93fb84ee9fd84dde69909ac
    <property name="jdk.debug" value="release"/>
    <property name="surefire.test.class.path" value="C:\Users\natal\OneDrive\Desktop\Universidad\CVDS\SegundoCorte\Lab05\NuevoBack\Back-Barrera\target\test-classes;C:\Users\natal\OneDrive\Desktop\Universidad\CVDS\SegundoCorte\Lab05\NuevoBack\Back-Barrera\target\classes;C:\Users\natal\.m2\repository\org\springframework\boot\spring-boot-starter-data-mongodb\3.3.4\spring-boot-starter-data-mongodb-3.3.4.jar;C:\Users\natal\.m2\repository\org\springframework\boot\spring-boot-starter\3.3.4\spring-boot-starter-3.3.4.jar;C:\Users\natal\.m2\repository\org\springframework\boot\spring-boot\3.3.4\spring-boot-3.3.4.jar;C:\Users\natal\.m2\repository\org\springframework\boot\spring-boot-autoconfigure\3.3.4\spring-boot-autoconfigure-3.3.4.jar;C:\Users\natal\.m2\repository\org\springframework\boot\spring-boot-starter-logging\3.3.4\spring-boot-starter-logging-3.3.4.jar;C:\Users\natal\.m2\repository\ch\qos\logback\logback-classic\1.5.8\logback-classic-1.5.8.jar;C:\Users\natal\.m2\repository\ch\qos\logback\logback-core\1.5.8\logback-core-1.5.8.jar;C:\Users\natal\.m2\repository\org\apache\logging\log4j\log4j-to-slf4j\2.23.1\log4j-to-slf4j-2.23.1.jar;C:\Users\natal\.m2\repository\org\apache\logging\log4j\log4j-api\2.23.1\log4j-api-2.23.1.jar;C:\Users\natal\.m2\repository\org\slf4j\jul-to-slf4j\2.0.16\jul-to-slf4j-2.0.16.jar;C:\Users\natal\.m2\repository\jakarta\annotation\jakarta.annotation-api\2.1.1\jakarta.annotation-api-2.1.1.jar;C:\Users\natal\.m2\repository\org\yaml\snakeyaml\2.2\snakeyaml-2.2.jar;C:\Users\natal\.m2\repository\org\mongodb\mongodb-driver-sync\5.0.1\mongodb-driver-sync-5.0.1.jar;C:\Users\natal\.m2\repository\org\mongodb\bson\5.0.1\bson-5.0.1.jar;C:\Users\natal\.m2\repository\org\mongodb\mongodb-driver-core\5.0.1\mongodb-driver-core-5.0.1.jar;C:\Users\natal\.m2\repository\org\mongodb\bson-record-codec\5.0.1\bson-record-codec-5.0.1.jar;C:\Users\natal\.m2\repository\org\springframework\data\spring-data-mongodb\4.3.4\spring-data-mongodb-4.3.4.jar;C:\Users\natal\.m2\repository\org\springframework\spring-tx\6.1.13\spring-tx-6.1.13.jar;C:\Users\natal\.m2\repository\org\springframework\spring-beans\6.1.13\spring-beans-6.1.13.jar;C:\Users\natal\.m2\repository\org\springframework\spring-expression\6.1.13\spring-expression-6.1.13.jar;C:\Users\natal\.m2\repository\org\springframework\data\spring-data-commons\3.3.4\spring-data-commons-3.3.4.jar;C:\Users\natal\.m2\repository\org\slf4j\slf4j-api\2.0.16\slf4j-api-2.0.16.jar;C:\Users\natal\.m2\repository\org\springframework\boot\spring-boot-starter-web\3.3.4\spring-boot-starter-web-3.3.4.jar;C:\Users\natal\.m2\repository\org\springframework\boot\spring-boot-starter-json\3.3.4\spring-boot-starter-json-3.3.4.jar;C:\Users\natal\.m2\repository\com\fasterxml\jackson\core\jackson-databind\2.17.2\jackson-databind-2.17.2.jar;C:\Users\natal\.m2\repository\com\fasterxml\jackson\core\jackson-annotations\2.17.2\jackson-annotations-2.17.2.jar;C:\Users\natal\.m2\repository\com\fasterxml\jackson\core\jackson-core\2.17.2\jackson-core-2.17.2.jar;C:\Users\natal\.m2\repository\com\fasterxml\jackson\datatype\jackson-datatype-jdk8\2.17.2\jackson-datatype-jdk8-2.17.2.jar;C:\Users\natal\.m2\repository\com\fasterxml\jackson\datatype\jackson-datatype-jsr310\2.17.2\jackson-datatype-jsr310-2.17.2.jar;C:\Users\natal\.m2\repository\com\fasterxml\jackson\module\jackson-module-parameter-names\2.17.2\jackson-module-parameter-names-2.17.2.jar;C:\Users\natal\.m2\repository\org\springframework\boot\spring-boot-starter-tomcat\3.3.4\spring-boot-starter-tomcat-3.3.4.jar;C:\Users\natal\.m2\repository\org\apache\tomcat\embed\tomcat-embed-core\10.1.30\tomcat-embed-core-10.1.30.jar;C:\Users\natal\.m2\repository\org\apache\tomcat\embed\tomcat-embed-el\10.1.30\tomcat-embed-el-10.1.30.jar;C:\Users\natal\.m2\repository\org\apache\tomcat\embed\tomcat-embed-websocket\10.1.30\tomcat-embed-websocket-10.1.30.jar;C:\Users\natal\.m2\repository\org\springframework\spring-web\6.1.13\spring-web-6.1.13.jar;C:\Users\natal\.m2\repository\io\micrometer\micrometer-observation\1.13.4\micrometer-observation-1.13.4.jar;C:\Users\natal\.m2\repository\io\micrometer\micrometer-commons\1.13.4\micrometer-commons-1.13.4.jar;C:\Users\natal\.m2\repository\org\springframework\spring-webmvc\6.1.13\spring-webmvc-6.1.13.jar;C:\Users\natal\.m2\repository\org\springframework\spring-aop\6.1.13\spring-aop-6.1.13.jar;C:\Users\natal\.m2\repository\org\springframework\boot\spring-boot-starter-test\3.3.4\spring-boot-starter-test-3.3.4.jar;C:\Users\natal\.m2\repository\org\springframework\boot\spring-boot-test\3.3.4\spring-boot-test-3.3.4.jar;C:\Users\natal\.m2\repository\org\springframework\boot\spring-boot-test-autoconfigure\3.3.4\spring-boot-test-autoconfigure-3.3.4.jar;C:\Users\natal\.m2\repository\com\jayway\jsonpath\json-path\2.9.0\json-path-2.9.0.jar;C:\Users\natal\.m2\repository\jakarta\xml\bind\jakarta.xml.bind-api\4.0.2\jakarta.xml.bind-api-4.0.2.jar;C:\Users\natal\.m2\repository\jakarta\activation\jakarta.activation-api\2.1.3\jakarta.activation-api-2.1.3.jar;C:\Users\natal\.m2\repository\net\minidev\json-smart\2.5.1\json-smart-2.5.1.jar;C:\Users\natal\.m2\repository\net\minidev\accessors-smart\2.5.1\accessors-smart-2.5.1.jar;C:\Users\natal\.m2\repository\org\ow2\asm\asm\9.6\asm-9.6.jar;C:\Users\natal\.m2\repository\org\assertj\assertj-core\3.25.3\assertj-core-3.25.3.jar;C:\Users\natal\.m2\repository\net\bytebuddy\byte-buddy\1.14.19\byte-buddy-1.14.19.jar;C:\Users\natal\.m2\repository\org\awaitility\awaitility\4.2.2\awaitility-4.2.2.jar;C:\Users\natal\.m2\repository\org\hamcrest\hamcrest\2.2\hamcrest-2.2.jar;C:\Users\natal\.m2\repository\org\junit\jupiter\junit-jupiter\5.10.3\junit-jupiter-5.10.3.jar;C:\Users\natal\.m2\repository\org\junit\jupiter\junit-jupiter-api\5.10.3\junit-jupiter-api-5.10.3.jar;C:\Users\natal\.m2\repository\org\opentest4j\opentest4j\1.3.0\opentest4j-1.3.0.jar;C:\Users\natal\.m2\repository\org\junit\platform\junit-platform-commons\1.10.3\junit-platform-commons-1.10.3.jar;C:\Users\natal\.m2\repository\org\apiguardian\apiguardian-api\1.1.2\apiguardian-api-1.1.2.jar;C:\Users\natal\.m2\repository\org\junit\jupiter\junit-jupiter-params\5.10.3\junit-jupiter-params-5.10.3.jar;C:\Users\natal\.m2\repository\org\junit\jupiter\junit-jupiter-engine\5.10.3\junit-jupiter-engine-5.10.3.jar;C:\Users\natal\.m2\repository\org\junit\platform\junit-platform-engine\1.10.3\junit-platform-engine-1.10.3.jar;C:\Users\natal\.m2\repository\org\mockito\mockito-core\5.11.0\mockito-core-5.11.0.jar;C:\Users\natal\.m2\repository\net\bytebuddy\byte-buddy-agent\1.14.19\byte-buddy-agent-1.14.19.jar;C:\Users\natal\.m2\repository\org\objenesis\objenesis\3.3\objenesis-3.3.jar;C:\Users\natal\.m2\repository\org\mockito\mockito-junit-jupiter\5.11.0\mockito-junit-jupiter-5.11.0.jar;C:\Users\natal\.m2\repository\org\skyscreamer\jsonassert\1.5.3\jsonassert-1.5.3.jar;C:\Users\natal\.m2\repository\com\vaadin\external\google\android-json\0.0.20131108.vaadin1\android-json-0.0.20131108.vaadin1.jar;C:\Users\natal\.m2\repository\org\springframework\spring-core\6.1.13\spring-core-6.1.13.jar;C:\Users\natal\.m2\repository\org\springframework\spring-jcl\6.1.13\spring-jcl-6.1.13.jar;C:\Users\natal\.m2\repository\org\springframework\spring-test\6.1.13\spring-test-6.1.13.jar;C:\Users\natal\.m2\repository\org\xmlunit\xmlunit-core\2.9.1\xmlunit-core-2.9.1.jar;C:\Users\natal\.m2\repository\org\springframework\boot\spring-boot-maven-plugin\3.3.4\spring-boot-maven-plugin-3.3.4.jar;C:\Users\natal\.m2\repository\org\springframework\boot\spring-boot-buildpack-platform\3.3.4\spring-boot-buildpack-platform-3.3.4.jar;C:\Users\natal\.m2\repository\net\java\dev\jna\jna-platform\5.13.0\jna-platform-5.13.0.jar;C:\Users\natal\.m2\repository\net\java\dev\jna\jna\5.13.0\jna-5.13.0.jar;C:\Users\natal\.m2\repository\org\apache\commons\commons-compress\1.25.0\commons-compress-1.25.0.jar;C:\Users\natal\.m2\repository\org\apache\httpcomponents\client5\httpclient5\5.3.1\httpclient5-5.3.1.jar;C:\Users\natal\.m2\repository\org\apache\httpcomponents\core5\httpcore5\5.2.5\httpcore5-5.2.5.jar;C:\Users\natal\.m2\repository\org\apache\httpcomponents\core5\httpcore5-h2\5.2.5\httpcore5-h2-5.2.5.jar;C:\Users\natal\.m2\repository\org\tomlj\tomlj\1.0.0\tomlj-1.0.0.jar;C:\Users\natal\.m2\repository\org\antlr\antlr4-runtime\4.7.2\antlr4-runtime-4.7.2.jar;C:\Users\natal\.m2\repository\com\google\code\findbugs\jsr305\3.0.2\jsr305-3.0.2.jar;C:\Users\natal\.m2\repository\org\springframework\boot\spring-boot-loader-tools\3.3.4\spring-boot-loader-tools-3.3.4.jar;C:\Users\natal\.m2\repository\org\apache\maven\shared\maven-common-artifact-filters\3.3.2\maven-common-artifact-filters-3.3.2.jar;C:\Users\natal\.m2\repository\org\sonatype\plexus\plexus-build-api\0.0.7\plexus-build-api-0.0.7.jar;C:\Users\natal\.m2\repository\org\springframework\spring-context\6.1.13\spring-context-6.1.13.jar;"/>
    <property name="sun.cpu.endian" value="little"/>
    <property name="user.home" value="C:\Users\natal"/>
    <property name="user.language" value="es"/>
    <property name="java.specification.vendor" value="Oracle Corporation"/>
    <property name="java.version.date" value="2024-07-16"/>
    <property name="java.home" value="C:\Program Files\Java\jdk-22"/>
    <property name="file.separator" value="\"/>
    <property name="basedir" value="C:\Users\natal\OneDrive\Desktop\Universidad\CVDS\SegundoCorte\Lab05\NuevoBack\Back-Barrera"/>
    <property name="java.vm.compressedOopsMode" value="32-bit"/>
    <property name="line.separator" value="&#10;"/>
    <property name="java.vm.specification.vendor" value="Oracle Corporation"/>
    <property name="java.specification.name" value="Java Platform API Specification"/>
    <property name="FILE_LOG_CHARSET" value="UTF-8"/>
    <property name="java.awt.headless" value="true"/>
<<<<<<< HEAD
    <property name="surefire.real.class.path" value="C:\Users\Andres Rodriguez\AppData\Local\Temp\surefire16797369359574760442\surefirebooter-20241002170412903_3.jar"/>
=======
    <property name="surefire.real.class.path" value="C:\Users\natal\AppData\Local\Temp\surefire8288202730591783741\surefirebooter-20241002202332310_3.jar"/>
>>>>>>> ea559ce19afa9d4ea93fb84ee9fd84dde69909ac
    <property name="user.script" value=""/>
    <property name="sun.management.compiler" value="HotSpot 64-Bit Tiered Compilers"/>
    <property name="java.runtime.version" value="22.0.2+9-70"/>
    <property name="user.name" value="natal"/>
    <property name="stdout.encoding" value="Cp1252"/>
    <property name="path.separator" value=";"/>
    <property name="os.version" value="10.0"/>
    <property name="java.runtime.name" value="Java(TM) SE Runtime Environment"/>
    <property name="file.encoding" value="UTF-8"/>
    <property name="java.vm.name" value="Java HotSpot(TM) 64-Bit Server VM"/>
    <property name="localRepository" value="C:\Users\natal\.m2\repository"/>
    <property name="java.vendor.url.bug" value="https://bugreport.java.com/bugreport/"/>
    <property name="java.io.tmpdir" value="C:\Users\natal\AppData\Local\Temp\"/>
    <property name="java.version" value="22.0.2"/>
    <property name="user.dir" value="C:\Users\natal\OneDrive\Desktop\Universidad\CVDS\SegundoCorte\Lab05\NuevoBack\Back-Barrera"/>
    <property name="os.arch" value="amd64"/>
    <property name="java.vm.specification.name" value="Java Virtual Machine Specification"/>
<<<<<<< HEAD
    <property name="PID" value="1412"/>
=======
    <property name="PID" value="29364"/>
>>>>>>> ea559ce19afa9d4ea93fb84ee9fd84dde69909ac
    <property name="sun.os.patch.level" value=""/>
    <property name="CONSOLE_LOG_CHARSET" value="UTF-8"/>
    <property name="native.encoding" value="Cp1252"/>
    <property name="java.library.path" value="C:\Program Files\Java\jdk-22\bin;C:\windows\Sun\Java\bin;C:\windows\system32;C:\windows;C:\Program Files\Common Files\Oracle\Java\javapath;C:\windows\system32;C:\windows;C:\windows\System32\Wbem;C:\windows\System32\WindowsPowerShell\v1.0\;C:\windows\System32\OpenSSH\;C:\Program Files (x86)\NVIDIA Corporation\PhysX\Common;C:\Program Files\HP\HP One Agent;C:\Program Files\Git\cmd;C:\Users\natal\OneDrive\Desktop\Universidad\CVDS\PrimerCorte\apache-maven-3.9.9-bin\apache-maven-3.9.9\bin;C:\Program Files\NVIDIA Corporation\NVIDIA app\NvDLISR;C:\Program Files\Java\jdk-22\bin;C:\Program Files\Docker\Docker\resources\bin;C:\Program Files (x86)\Microsoft SQL Server\160\Tools\Binn\;C:\Program Files\Microsoft SQL Server\160\Tools\Binn\;C:\Program Files\Microsoft SQL Server\Client SDK\ODBC\170\Tools\Binn\;C:\Program Files\Microsoft SQL Server\160\DTS\Binn\;C:\Users\natal\OneDrive\Desktop\Universidad\CVDS\SegundoCorte\Lab04\demo\demo\bin;C:\Program Files (x86)\Microsoft SQL Server\160\DTS\Binn\;C:\Program Files\dotnet\;C:\Program Files (x86)\dotnet\;C:\Program Files\Microsoft SQL Server\Client SDK\ODBC\130\Tools\Binn\;C:\Program Files (x86)\Microsoft SQL Server\140\Tools\Binn\;C:\Program Files\Microsoft SQL Server\140\Tools\Binn\;C:\Program Files\Microsoft SQL Server\140\DTS\Binn\;C:\Program Files\MySQL\MySQL Shell 8.0\bin\;C:\Users\natal\AppData\Local\Microsoft\WindowsApps;C:\Users\natal\AppData\Local\Programs\Microsoft VS Code\bin;C:\Program Files\JetBrains\IntelliJ IDEA 2024.2.1\bin;;C:\Program Files\MongoDB\Server\8.0\bin;C:\Program Files\MongoDB\mongosh-2.3.1-win32-x64\mongosh-2.3.1-win32-x64\bin;;."/>
    <property name="java.vm.info" value="mixed mode, sharing"/>
    <property name="stderr.encoding" value="Cp1252"/>
    <property name="java.vendor" value="Oracle Corporation"/>
    <property name="java.vm.version" value="22.0.2+9-70"/>
    <property name="sun.io.unicode.encoding" value="UnicodeLittle"/>
    <property name="java.class.version" value="66.0"/>
    <property name="LOGGED_APPLICATION_NAME" value="[TaskManager] "/>
  </properties>
<<<<<<< HEAD
  <testcase name="testSetDescription" classname="edu.eci.cvds.TaskManager.model.TaskTest" time="3.264">
    <system-out><![CDATA[17:04:19.127 [main] INFO org.springframework.test.context.support.AnnotationConfigContextLoaderUtils -- Could not detect default configuration classes for test class [edu.eci.cvds.TaskManager.model.TaskTest]: TaskTest does not declare any static, non-private, non-final, nested classes annotated with @Configuration.
17:04:19.599 [main] INFO org.springframework.boot.test.context.SpringBootTestContextBootstrapper -- Found @SpringBootConfiguration edu.eci.cvds.TaskManager.TaskManagerApplication for test class edu.eci.cvds.TaskManager.model.TaskTest
=======
  <testcase name="testSetDescription" classname="edu.eci.cvds.TaskManager.model.TaskTest" time="0.016">
    <system-out><![CDATA[20:23:35.548 [main] INFO org.springframework.test.context.support.AnnotationConfigContextLoaderUtils -- Could not detect default configuration classes for test class [edu.eci.cvds.TaskManager.model.TaskTest]: TaskTest does not declare any static, non-private, non-final, nested classes annotated with @Configuration.
20:23:35.779 [main] INFO org.springframework.boot.test.context.SpringBootTestContextBootstrapper -- Found @SpringBootConfiguration edu.eci.cvds.TaskManager.TaskManagerApplication for test class edu.eci.cvds.TaskManager.model.TaskTest
>>>>>>> ea559ce19afa9d4ea93fb84ee9fd84dde69909ac

  .   ____          _            __ _ _
 /\\ / ___'_ __ _ _(_)_ __  __ _ \ \ \ \
( ( )\___ | '_ | '_| | '_ \/ _` | \ \ \ \
 \\/  ___)| |_)| | | | | || (_| |  ) ) ) )
  '  |____| .__|_| |_|_| |_\__, | / / / /
 =========|_|==============|___/=/_/_/_/

 :: Spring Boot ::                (v3.3.4)

<<<<<<< HEAD
2024-10-02T17:04:21.488-05:00  INFO 1412 --- [TaskManager] [           main] e.eci.cvds.TaskManager.model.TaskTest    : Starting TaskTest using Java 22.0.2 with PID 1412 (started by Andres Rodriguez in C:\Users\Andres Rodriguez\Documents\NuevoBack\Back-Barrera)
2024-10-02T17:04:21.494-05:00  INFO 1412 --- [TaskManager] [           main] e.eci.cvds.TaskManager.model.TaskTest    : No active profile set, falling back to 1 default profile: "default"
2024-10-02T17:04:23.110-05:00  INFO 1412 --- [TaskManager] [           main] .s.d.r.c.RepositoryConfigurationDelegate : Bootstrapping Spring Data MongoDB repositories in DEFAULT mode.
2024-10-02T17:04:23.327-05:00  INFO 1412 --- [TaskManager] [           main] .s.d.r.c.RepositoryConfigurationDelegate : Finished Spring Data repository scanning in 198 ms. Found 1 MongoDB repository interface.
2024-10-02T17:04:25.282-05:00  INFO 1412 --- [TaskManager] [dnz.mongodb.net] org.mongodb.driver.cluster               : Adding discovered server cluster0-shard-00-02.sddnz.mongodb.net:27017 to client view of cluster
2024-10-02T17:04:25.386-05:00  INFO 1412 --- [TaskManager] [           main] org.mongodb.driver.client                : MongoClient with metadata {"application": {"name": "Cluster0"}, "driver": {"name": "mongo-java-driver|sync|spring-boot", "version": "5.0.1"}, "os": {"type": "Windows", "name": "Windows 11", "architecture": "amd64", "version": "10.0"}, "platform": "Java/Oracle Corporation/22.0.2+9-70"} created with settings MongoClientSettings{readPreference=primary, writeConcern=WriteConcern{w=majority, wTimeout=null ms, journal=null}, retryWrites=true, retryReads=true, readConcern=ReadConcern{level=null}, credential=MongoCredential{mechanism=null, userName='reco1234', source='admin', password=<hidden>, mechanismProperties=<hidden>}, transportSettings=null, commandListeners=[], codecRegistry=ProvidersCodecRegistry{codecProviders=[ValueCodecProvider{}, BsonValueCodecProvider{}, DBRefCodecProvider{}, DBObjectCodecProvider{}, DocumentCodecProvider{}, CollectionCodecProvider{}, IterableCodecProvider{}, MapCodecProvider{}, GeoJsonCodecProvider{}, GridFSFileCodecProvider{}, Jsr310CodecProvider{}, JsonObjectCodecProvider{}, BsonCodecProvider{}, EnumCodecProvider{}, com.mongodb.client.model.mql.ExpressionCodecProvider@7be3a837, com.mongodb.Jep395RecordCodecProvider@247d44b4, com.mongodb.KotlinCodecProvider@640028f2]}, loggerSettings=LoggerSettings{maxDocumentLength=1000}, clusterSettings={hosts=[127.0.0.1:27017], srvHost=cluster0.sddnz.mongodb.net, srvServiceName=mongodb, mode=MULTIPLE, requiredClusterType=REPLICA_SET, requiredReplicaSetName='atlas-6txe8r-shard-0', serverSelector='null', clusterListeners='[]', serverSelectionTimeout='30000 ms', localThreshold='15 ms'}, socketSettings=SocketSettings{connectTimeoutMS=10000, readTimeoutMS=0, receiveBufferSize=0, proxySettings=ProxySettings{host=null, port=null, username=null, password=null}}, heartbeatSocketSettings=SocketSettings{connectTimeoutMS=10000, readTimeoutMS=10000, receiveBufferSize=0, proxySettings=ProxySettings{host=null, port=null, username=null, password=null}}, connectionPoolSettings=ConnectionPoolSettings{maxSize=100, minSize=0, maxWaitTimeMS=120000, maxConnectionLifeTimeMS=0, maxConnectionIdleTimeMS=0, maintenanceInitialDelayMS=0, maintenanceFrequencyMS=60000, connectionPoolListeners=[], maxConnecting=2}, serverSettings=ServerSettings{heartbeatFrequencyMS=10000, minHeartbeatFrequencyMS=500, serverListeners='[]', serverMonitorListeners='[]'}, sslSettings=SslSettings{enabled=true, invalidHostNameAllowed=false, context=null}, applicationName='Cluster0', compressorList=[], uuidRepresentation=JAVA_LEGACY, serverApi=null, autoEncryptionSettings=null, dnsClient=null, inetAddressResolver=null, contextProvider=null}
2024-10-02T17:04:25.410-05:00  INFO 1412 --- [TaskManager] [dnz.mongodb.net] org.mongodb.driver.cluster               : Adding discovered server cluster0-shard-00-01.sddnz.mongodb.net:27017 to client view of cluster
2024-10-02T17:04:25.427-05:00  INFO 1412 --- [TaskManager] [dnz.mongodb.net] org.mongodb.driver.cluster               : Adding discovered server cluster0-shard-00-00.sddnz.mongodb.net:27017 to client view of cluster
2024-10-02T17:04:26.944-05:00  INFO 1412 --- [TaskManager] [ngodb.net:27017] org.mongodb.driver.cluster               : Monitor thread successfully connected to server with description ServerDescription{address=cluster0-shard-00-00.sddnz.mongodb.net:27017, type=REPLICA_SET_SECONDARY, state=CONNECTED, ok=true, minWireVersion=0, maxWireVersion=21, maxDocumentSize=16777216, logicalSessionTimeoutMinutes=30, roundTripTimeNanos=866279900, setName='atlas-6txe8r-shard-0', canonicalAddress=cluster0-shard-00-00.sddnz.mongodb.net:27017, hosts=[cluster0-shard-00-02.sddnz.mongodb.net:27017, cluster0-shard-00-00.sddnz.mongodb.net:27017, cluster0-shard-00-01.sddnz.mongodb.net:27017], passives=[], arbiters=[], primary='cluster0-shard-00-01.sddnz.mongodb.net:27017', tagSet=TagSet{[Tag{name='availabilityZone', value='use1-az6'}, Tag{name='diskState', value='READY'}, Tag{name='nodeType', value='ELECTABLE'}, Tag{name='provider', value='AWS'}, Tag{name='region', value='US_EAST_1'}, Tag{name='workloadType', value='OPERATIONAL'}]}, electionId=null, setVersion=84, topologyVersion=TopologyVersion{processId=66f8fa21b74064b80eee79fb, counter=4}, lastWriteDate=Wed Oct 02 17:04:26 COT 2024, lastUpdateTimeNanos=694426694344800}
2024-10-02T17:04:26.944-05:00  INFO 1412 --- [TaskManager] [ngodb.net:27017] org.mongodb.driver.cluster               : Monitor thread successfully connected to server with description ServerDescription{address=cluster0-shard-00-01.sddnz.mongodb.net:27017, type=REPLICA_SET_PRIMARY, state=CONNECTED, ok=true, minWireVersion=0, maxWireVersion=21, maxDocumentSize=16777216, logicalSessionTimeoutMinutes=30, roundTripTimeNanos=866498700, setName='atlas-6txe8r-shard-0', canonicalAddress=cluster0-shard-00-01.sddnz.mongodb.net:27017, hosts=[cluster0-shard-00-02.sddnz.mongodb.net:27017, cluster0-shard-00-00.sddnz.mongodb.net:27017, cluster0-shard-00-01.sddnz.mongodb.net:27017], passives=[], arbiters=[], primary='cluster0-shard-00-01.sddnz.mongodb.net:27017', tagSet=TagSet{[Tag{name='availabilityZone', value='use1-az1'}, Tag{name='diskState', value='READY'}, Tag{name='nodeType', value='ELECTABLE'}, Tag{name='provider', value='AWS'}, Tag{name='region', value='US_EAST_1'}, Tag{name='workloadType', value='OPERATIONAL'}]}, electionId=7fffffff00000000000001a7, setVersion=84, topologyVersion=TopologyVersion{processId=66f8f9314c144b6af96875e1, counter=6}, lastWriteDate=Wed Oct 02 17:04:26 COT 2024, lastUpdateTimeNanos=694426694556700}
2024-10-02T17:04:26.946-05:00  INFO 1412 --- [TaskManager] [ngodb.net:27017] org.mongodb.driver.cluster               : Monitor thread successfully connected to server with description ServerDescription{address=cluster0-shard-00-02.sddnz.mongodb.net:27017, type=REPLICA_SET_SECONDARY, state=CONNECTED, ok=true, minWireVersion=0, maxWireVersion=21, maxDocumentSize=16777216, logicalSessionTimeoutMinutes=30, roundTripTimeNanos=866589700, setName='atlas-6txe8r-shard-0', canonicalAddress=cluster0-shard-00-02.sddnz.mongodb.net:27017, hosts=[cluster0-shard-00-02.sddnz.mongodb.net:27017, cluster0-shard-00-00.sddnz.mongodb.net:27017, cluster0-shard-00-01.sddnz.mongodb.net:27017], passives=[], arbiters=[], primary='cluster0-shard-00-01.sddnz.mongodb.net:27017', tagSet=TagSet{[Tag{name='availabilityZone', value='use1-az2'}, Tag{name='diskState', value='READY'}, Tag{name='nodeType', value='ELECTABLE'}, Tag{name='provider', value='AWS'}, Tag{name='region', value='US_EAST_1'}, Tag{name='workloadType', value='OPERATIONAL'}]}, electionId=null, setVersion=84, topologyVersion=TopologyVersion{processId=66f8fb8dc9675fa02745b95e, counter=3}, lastWriteDate=Wed Oct 02 17:04:26 COT 2024, lastUpdateTimeNanos=694426694647300}
2024-10-02T17:04:26.963-05:00  INFO 1412 --- [TaskManager] [ngodb.net:27017] org.mongodb.driver.cluster               : Discovered replica set primary cluster0-shard-00-01.sddnz.mongodb.net:27017 with max election id 7fffffff00000000000001a7 and max set version 84
2024-10-02T17:04:28.352-05:00  INFO 1412 --- [TaskManager] [           main] e.eci.cvds.TaskManager.model.TaskTest    : Started TaskTest in 8.096 seconds (process running for 12.266)
=======
2024-10-02T20:23:36.616-05:00  INFO 29364 --- [TaskManager] [           main] e.eci.cvds.TaskManager.model.TaskTest    : Starting TaskTest using Java 22.0.2 with PID 29364 (started by natal in C:\Users\natal\OneDrive\Desktop\Universidad\CVDS\SegundoCorte\Lab05\NuevoBack\Back-Barrera)
2024-10-02T20:23:36.618-05:00  INFO 29364 --- [TaskManager] [           main] e.eci.cvds.TaskManager.model.TaskTest    : No active profile set, falling back to 1 default profile: "default"
2024-10-02T20:23:37.168-05:00  INFO 29364 --- [TaskManager] [           main] .s.d.r.c.RepositoryConfigurationDelegate : Bootstrapping Spring Data MongoDB repositories in DEFAULT mode.
2024-10-02T20:23:37.222-05:00  INFO 29364 --- [TaskManager] [           main] .s.d.r.c.RepositoryConfigurationDelegate : Finished Spring Data repository scanning in 47 ms. Found 1 MongoDB repository interface.
2024-10-02T20:23:38.048-05:00  INFO 29364 --- [TaskManager] [           main] org.mongodb.driver.client                : MongoClient with metadata {"application": {"name": "Cluster0"}, "driver": {"name": "mongo-java-driver|sync|spring-boot", "version": "5.0.1"}, "os": {"type": "Windows", "name": "Windows 11", "architecture": "amd64", "version": "10.0"}, "platform": "Java/Oracle Corporation/22.0.2+9-70"} created with settings MongoClientSettings{readPreference=primary, writeConcern=WriteConcern{w=majority, wTimeout=null ms, journal=null}, retryWrites=true, retryReads=true, readConcern=ReadConcern{level=null}, credential=MongoCredential{mechanism=null, userName='reco1234', source='admin', password=<hidden>, mechanismProperties=<hidden>}, transportSettings=null, commandListeners=[], codecRegistry=ProvidersCodecRegistry{codecProviders=[ValueCodecProvider{}, BsonValueCodecProvider{}, DBRefCodecProvider{}, DBObjectCodecProvider{}, DocumentCodecProvider{}, CollectionCodecProvider{}, IterableCodecProvider{}, MapCodecProvider{}, GeoJsonCodecProvider{}, GridFSFileCodecProvider{}, Jsr310CodecProvider{}, JsonObjectCodecProvider{}, BsonCodecProvider{}, EnumCodecProvider{}, com.mongodb.client.model.mql.ExpressionCodecProvider@408f3054, com.mongodb.Jep395RecordCodecProvider@2a64cb1f, com.mongodb.KotlinCodecProvider@3644d12a]}, loggerSettings=LoggerSettings{maxDocumentLength=1000}, clusterSettings={hosts=[127.0.0.1:27017], srvHost=cluster0.sddnz.mongodb.net, srvServiceName=mongodb, mode=MULTIPLE, requiredClusterType=REPLICA_SET, requiredReplicaSetName='atlas-6txe8r-shard-0', serverSelector='null', clusterListeners='[]', serverSelectionTimeout='30000 ms', localThreshold='15 ms'}, socketSettings=SocketSettings{connectTimeoutMS=10000, readTimeoutMS=0, receiveBufferSize=0, proxySettings=ProxySettings{host=null, port=null, username=null, password=null}}, heartbeatSocketSettings=SocketSettings{connectTimeoutMS=10000, readTimeoutMS=10000, receiveBufferSize=0, proxySettings=ProxySettings{host=null, port=null, username=null, password=null}}, connectionPoolSettings=ConnectionPoolSettings{maxSize=100, minSize=0, maxWaitTimeMS=120000, maxConnectionLifeTimeMS=0, maxConnectionIdleTimeMS=0, maintenanceInitialDelayMS=0, maintenanceFrequencyMS=60000, connectionPoolListeners=[], maxConnecting=2}, serverSettings=ServerSettings{heartbeatFrequencyMS=10000, minHeartbeatFrequencyMS=500, serverListeners='[]', serverMonitorListeners='[]'}, sslSettings=SslSettings{enabled=true, invalidHostNameAllowed=false, context=null}, applicationName='Cluster0', compressorList=[], uuidRepresentation=JAVA_LEGACY, serverApi=null, autoEncryptionSettings=null, dnsClient=null, inetAddressResolver=null, contextProvider=null}
2024-10-02T20:23:38.073-05:00  INFO 29364 --- [TaskManager] [dnz.mongodb.net] org.mongodb.driver.cluster               : Adding discovered server cluster0-shard-00-02.sddnz.mongodb.net:27017 to client view of cluster
2024-10-02T20:23:38.123-05:00  INFO 29364 --- [TaskManager] [dnz.mongodb.net] org.mongodb.driver.cluster               : Adding discovered server cluster0-shard-00-01.sddnz.mongodb.net:27017 to client view of cluster
2024-10-02T20:23:38.127-05:00  INFO 29364 --- [TaskManager] [dnz.mongodb.net] org.mongodb.driver.cluster               : Adding discovered server cluster0-shard-00-00.sddnz.mongodb.net:27017 to client view of cluster
2024-10-02T20:23:39.050-05:00  INFO 29364 --- [TaskManager] [           main] e.eci.cvds.TaskManager.model.TaskTest    : Started TaskTest in 2.969 seconds (process running for 6.62)
>>>>>>> ea559ce19afa9d4ea93fb84ee9fd84dde69909ac
]]></system-out>
  </testcase>
<<<<<<< HEAD
  <testcase name="testSettersAndGetters" classname="edu.eci.cvds.TaskManager.model.TaskTest" time="0.012"/>
  <testcase name="testConstructorWithoutDescription" classname="edu.eci.cvds.TaskManager.model.TaskTest" time="0.009"/>
  <testcase name="testConstructorWithDescription" classname="edu.eci.cvds.TaskManager.model.TaskTest" time="0.007"/>
=======
  <testcase name="testSettersAndGetters" classname="edu.eci.cvds.TaskManager.model.TaskTest" time="0.003">
    <system-out><![CDATA[2024-10-02T20:23:39.101-05:00  INFO 29364 --- [TaskManager] [ngodb.net:27017] org.mongodb.driver.cluster               : Monitor thread successfully connected to server with description ServerDescription{address=cluster0-shard-00-01.sddnz.mongodb.net:27017, type=REPLICA_SET_PRIMARY, state=CONNECTED, ok=true, minWireVersion=0, maxWireVersion=21, maxDocumentSize=16777216, logicalSessionTimeoutMinutes=30, roundTripTimeNanos=581718800, setName='atlas-6txe8r-shard-0', canonicalAddress=cluster0-shard-00-01.sddnz.mongodb.net:27017, hosts=[cluster0-shard-00-02.sddnz.mongodb.net:27017, cluster0-shard-00-00.sddnz.mongodb.net:27017, cluster0-shard-00-01.sddnz.mongodb.net:27017], passives=[], arbiters=[], primary='cluster0-shard-00-01.sddnz.mongodb.net:27017', tagSet=TagSet{[Tag{name='availabilityZone', value='use1-az1'}, Tag{name='diskState', value='READY'}, Tag{name='nodeType', value='ELECTABLE'}, Tag{name='provider', value='AWS'}, Tag{name='region', value='US_EAST_1'}, Tag{name='workloadType', value='OPERATIONAL'}]}, electionId=7fffffff00000000000001a7, setVersion=84, topologyVersion=TopologyVersion{processId=66f8f9314c144b6af96875e1, counter=6}, lastWriteDate=Wed Oct 02 20:23:38 COT 2024, lastUpdateTimeNanos=436126957754200}
2024-10-02T20:23:39.101-05:00  INFO 29364 --- [TaskManager] [ngodb.net:27017] org.mongodb.driver.cluster               : Monitor thread successfully connected to server with description ServerDescription{address=cluster0-shard-00-00.sddnz.mongodb.net:27017, type=REPLICA_SET_SECONDARY, state=CONNECTED, ok=true, minWireVersion=0, maxWireVersion=21, maxDocumentSize=16777216, logicalSessionTimeoutMinutes=30, roundTripTimeNanos=579585300, setName='atlas-6txe8r-shard-0', canonicalAddress=cluster0-shard-00-00.sddnz.mongodb.net:27017, hosts=[cluster0-shard-00-02.sddnz.mongodb.net:27017, cluster0-shard-00-00.sddnz.mongodb.net:27017, cluster0-shard-00-01.sddnz.mongodb.net:27017], passives=[], arbiters=[], primary='cluster0-shard-00-01.sddnz.mongodb.net:27017', tagSet=TagSet{[Tag{name='availabilityZone', value='use1-az6'}, Tag{name='diskState', value='READY'}, Tag{name='nodeType', value='ELECTABLE'}, Tag{name='provider', value='AWS'}, Tag{name='region', value='US_EAST_1'}, Tag{name='workloadType', value='OPERATIONAL'}]}, electionId=null, setVersion=84, topologyVersion=TopologyVersion{processId=66f8fa21b74064b80eee79fb, counter=4}, lastWriteDate=Wed Oct 02 20:23:38 COT 2024, lastUpdateTimeNanos=436126957754100}
2024-10-02T20:23:39.101-05:00  INFO 29364 --- [TaskManager] [ngodb.net:27017] org.mongodb.driver.cluster               : Monitor thread successfully connected to server with description ServerDescription{address=cluster0-shard-00-02.sddnz.mongodb.net:27017, type=REPLICA_SET_SECONDARY, state=CONNECTED, ok=true, minWireVersion=0, maxWireVersion=21, maxDocumentSize=16777216, logicalSessionTimeoutMinutes=30, roundTripTimeNanos=579610500, setName='atlas-6txe8r-shard-0', canonicalAddress=cluster0-shard-00-02.sddnz.mongodb.net:27017, hosts=[cluster0-shard-00-02.sddnz.mongodb.net:27017, cluster0-shard-00-00.sddnz.mongodb.net:27017, cluster0-shard-00-01.sddnz.mongodb.net:27017], passives=[], arbiters=[], primary='cluster0-shard-00-01.sddnz.mongodb.net:27017', tagSet=TagSet{[Tag{name='availabilityZone', value='use1-az2'}, Tag{name='diskState', value='READY'}, Tag{name='nodeType', value='ELECTABLE'}, Tag{name='provider', value='AWS'}, Tag{name='region', value='US_EAST_1'}, Tag{name='workloadType', value='OPERATIONAL'}]}, electionId=null, setVersion=84, topologyVersion=TopologyVersion{processId=66f8fb8dc9675fa02745b95e, counter=3}, lastWriteDate=Wed Oct 02 20:23:38 COT 2024, lastUpdateTimeNanos=436126957754200}
]]></system-out>
  </testcase>
  <testcase name="testConstructorWithoutDescription" classname="edu.eci.cvds.TaskManager.model.TaskTest" time="0.005">
    <system-out><![CDATA[2024-10-02T20:23:39.106-05:00  INFO 29364 --- [TaskManager] [ngodb.net:27017] org.mongodb.driver.cluster               : Discovered replica set primary cluster0-shard-00-01.sddnz.mongodb.net:27017 with max election id 7fffffff00000000000001a7 and max set version 84
]]></system-out>
  </testcase>
  <testcase name="testConstructorWithDescription" classname="edu.eci.cvds.TaskManager.model.TaskTest" time="0.001"/>
>>>>>>> ea559ce19afa9d4ea93fb84ee9fd84dde69909ac
  <testcase name="testSetCompleted" classname="edu.eci.cvds.TaskManager.model.TaskTest" time="0.005"/>
</testsuite>